\BOOKMARK [1][-]{section.1}{\376\377\000P\000r\000e\000f\000a\000c\000e\000:\000\040\000A\000\040\000D\000a\000y\000\040\000i\000n\000\040\000t\000h\000e\000\040\000L\000i\000f\000e\000\040\000o\000n\000\040\000a\000\040\000R\000u\000F\000a\000S\000\040\000F\000a\000r\000m}{}% 1
\BOOKMARK [1][-]{section.2}{\376\377\000M\000o\000d\000u\000l\000e\000\040\000I\000n\000t\000r\000o\000d\000u\000c\000t\000i\000o\000n}{}% 2
\BOOKMARK [2][-]{subsection.2.1}{\376\377\000A\000n\000i\000m\000a\000l\000\040\000L\000i\000f\000e\000\040\000C\000y\000c\000l\000e}{section.2}% 3
\BOOKMARK [1][-]{section.3}{\376\377\000H\000e\000r\000d\000-\000l\000e\000v\000e\000l\000\040\000P\000r\000o\000c\000e\000s\000s\000e\000s\000\040\000a\000n\000d\000\040\000M\000a\000n\000a\000g\000e\000m\000e\000n\000t}{}% 4
\BOOKMARK [2][-]{subsection.3.1}{\376\377\000H\000e\000r\000d\000\040\000I\000n\000i\000t\000i\000a\000l\000i\000z\000a\000t\000i\000o\000n}{section.3}% 5
\BOOKMARK [2][-]{subsection.3.2}{\376\377\000P\000e\000n\000s\000\040\000a\000n\000d\000\040\000A\000n\000i\000m\000a\000l\000\040\000G\000r\000o\000u\000p\000i\000n\000g}{section.3}% 6
\BOOKMARK [2][-]{subsection.3.3}{\376\377\000R\000a\000t\000i\000o\000n\000\040\000F\000o\000r\000m\000u\000l\000a\000t\000i\000o\000n}{section.3}% 7
\BOOKMARK [3][-]{subsubsection.3.3.1}{\376\377\000E\000n\000e\000r\000g\000y\000\040\000a\000n\000d\000\040\000N\000u\000t\000r\000i\000t\000i\000o\000n\000\040\000R\000e\000q\000u\000i\000r\000e\000m\000e\000n\000t\000s}{subsection.3.3}% 8
\BOOKMARK [3][-]{subsubsection.3.3.2}{\376\377\000N\000u\000t\000r\000i\000e\000n\000t\000\040\000R\000e\000q\000u\000i\000r\000e\000m\000e\000n\000t\000s\000\040\000o\000f\000\040\000D\000a\000i\000r\000y\000\040\000C\000a\000t\000t\000l\000e\000\040\000\050\000N\000R\000C\000\051}{subsection.3.3}% 9
\BOOKMARK [3][-]{subsubsection.3.3.3}{\376\377\000E\000n\000e\000r\000g\000y\000\040\000a\000n\000d\000\040\000N\000u\000t\000r\000i\000t\000i\000o\000n\000\040\000S\000u\000p\000p\000l\000y\000\040}{subsection.3.3}% 10
\BOOKMARK [3][-]{subsubsection.3.3.4}{\376\377\000A\000u\000t\000o\000m\000a\000t\000e\000d\000\040\000R\000a\000t\000i\000o\000n\000\040\000F\000o\000r\000m\000u\000l\000a\000t\000i\000o\000n}{subsection.3.3}% 11
\BOOKMARK [3][-]{subsubsection.3.3.5}{\376\377\000U\000s\000e\000r\000-\000d\000e\000f\000i\000n\000e\000d\000\040\000r\000a\000t\000i\000o\000n\000\040\000f\000o\000r\000m\000u\000l\000a\000t\000i\000o\000n}{subsection.3.3}% 12
\BOOKMARK [2][-]{subsection.3.4}{\376\377\000H\000e\000r\000d\000\040\000S\000i\000z\000e\000\040\000M\000a\000n\000a\000g\000e\000m\000e\000n\000t}{section.3}% 13
\BOOKMARK [1][-]{section.4}{\376\377\000A\000n\000i\000m\000a\000l\000-\000l\000e\000v\000e\000l\000\040\000P\000r\000o\000c\000e\000s\000s\000e\000s\000\040\000a\000n\000d\000\040\000M\000a\000n\000a\000g\000e\000m\000e\000n\000t}{}% 14
\BOOKMARK [2][-]{subsection.4.1}{\376\377\000R\000u\000F\000a\000S\000\040\000B\000o\000d\000y\000w\000e\000i\000g\000h\000t\000\040\000a\000n\000d\000\040\000G\000r\000o\000w\000t\000h}{section.4}% 15
\BOOKMARK [2][-]{subsection.4.2}{\376\377\000A\000n\000i\000m\000a\000l\000\040\000R\000e\000p\000r\000o\000d\000u\000c\000t\000i\000o\000n}{section.4}% 16
\BOOKMARK [2][-]{subsection.4.3}{\376\377\000M\000i\000l\000k\000\040\000P\000r\000o\000d\000u\000c\000t\000i\000o\000n}{section.4}% 17
\BOOKMARK [2][-]{subsection.4.4}{\376\377\000L\000a\000c\000t\000a\000t\000i\000o\000n\000\040\000C\000u\000r\000v\000e\000:\000\040\000P\000a\000r\000a\000m\000e\000t\000e\000r\000s\000\040\000a\000n\000d\000\040\000D\000e\000f\000i\000n\000i\000t\000i\000o\000n\000s}{section.4}% 18
\BOOKMARK [2][-]{subsection.4.5}{\376\377\000C\000u\000l\000l\000i\000n\000g}{section.4}% 19
\BOOKMARK [1][-]{section.5}{\376\377\000M\000e\000t\000h\000a\000n\000e\000\040\000E\000m\000i\000s\000s\000i\000o\000n\000\040\000a\000n\000d\000\040\000M\000a\000n\000u\000r\000e\000\040\000E\000x\000c\000r\000e\000t\000i\000o\000n}{}% 20
\BOOKMARK [2][-]{subsection.5.1}{\376\377\000M\000a\000n\000u\000r\000e\000\040\000E\000x\000c\000r\000e\000t\000i\000o\000n}{section.5}% 21
\BOOKMARK [2][-]{subsection.5.2}{\376\377\000E\000n\000t\000e\000r\000i\000c\000\040\000M\000e\000t\000h\000a\000n\000e\000\040\000E\000m\000i\000s\000s\000i\000o\000n}{section.5}% 22
\BOOKMARK [2][-]{subsection.5.3}{\376\377\000E\000n\000t\000e\000r\000i\000c\000\040\000M\000e\000t\000h\000a\000n\000e\000\040\000M\000i\000t\000i\000g\000a\000t\000i\000o\000n}{section.5}% 23
\BOOKMARK [1][-]{section.6}{\376\377\000A\000b\000b\000r\000e\000v\000i\000a\000t\000i\000o\000n\000s}{}% 24
\BOOKMARK [1][-]{section.7}{\376\377\000R\000e\000f\000e\000r\000e\000n\000c\000e\000s}{}% 25
\BOOKMARK [1][-]{section.8}{\376\377\000P\000r\000e\000f\000a\000c\000e\000:\000\040\000A\000\040\000D\000a\000y\000\040\000i\000n\000\040\000t\000h\000e\000\040\000L\000i\000f\000e\000\040\000o\000n\000\040\000a\000\040\000R\000u\000F\000a\000S\000\040\000F\000a\000r\000m}{}% 26
\BOOKMARK [1][-]{section.9}{\376\377\000M\000o\000d\000u\000l\000e\000\040\000I\000n\000t\000r\000o\000d\000u\000c\000t\000i\000o\000n}{}% 27
\BOOKMARK [2][-]{subsection.9.1}{\376\377\000S\000t\000r\000u\000c\000t\000u\000r\000a\000l\000\040\000s\000e\000t\000u\000p\000\040\000o\000f\000\040\000t\000h\000e\000\040\000M\000a\000n\000u\000r\000e\000\040\000M\000o\000d\000u\000l\000e}{section.9}% 28
\BOOKMARK [2][-]{subsection.9.2}{\376\377\000O\000v\000e\000r\000v\000i\000e\000w\000\040\000o\000f\000\040\000R\000e\000q\000u\000i\000r\000e\000d\000\040\000I\000n\000p\000u\000t\000s}{section.9}% 29
\BOOKMARK [2][-]{subsection.9.3}{\376\377\000G\000e\000n\000e\000r\000a\000l\000\040\000A\000s\000s\000u\000m\000p\000t\000i\000o\000n\000s\000\040\000o\000f\000\040\000t\000h\000e\000\040\000M\000a\000n\000u\000r\000e\000\040\000M\000o\000d\000u\000l\000e}{section.9}% 30
\BOOKMARK [1][-]{section.10}{\376\377\000A\000n\000i\000m\000a\000l\000\040\000a\000n\000d\000\040\000M\000a\000n\000u\000r\000e\000\040\000M\000o\000d\000u\000l\000e\000\040\000C\000o\000n\000n\000e\000c\000t\000i\000o\000n}{}% 31
\BOOKMARK [2][-]{subsection.10.1}{\376\377\000I\000n\000t\000r\000o\000d\000u\000c\000t\000i\000o\000n}{section.10}% 32
\BOOKMARK [2][-]{subsection.10.2}{\376\377\000M\000e\000t\000h\000o\000d\000o\000l\000o\000g\000y}{section.10}% 33
\BOOKMARK [1][-]{section.11}{\376\377\000M\000a\000n\000u\000r\000e\000\040\000H\000a\000n\000d\000l\000e\000r}{}% 34
\BOOKMARK [2][-]{subsection.11.1}{\376\377\000I\000n\000t\000r\000o\000d\000u\000c\000t\000i\000o\000n}{section.11}% 35
\BOOKMARK [2][-]{subsection.11.2}{\376\377\000M\000e\000t\000h\000o\000d\000o\000l\000o\000g\000y}{section.11}% 36
\BOOKMARK [2][-]{subsection.11.3}{\376\377\000M\000a\000n\000u\000r\000e\000\040\000c\000o\000m\000p\000o\000s\000i\000t\000i\000o\000n\000\040\000u\000p\000d\000a\000t\000e}{section.11}% 37
\BOOKMARK [1][-]{section.12}{\376\377\000S\000o\000l\000i\000d\000\040\000L\000i\000q\000u\000i\000d\000\040\000S\000e\000p\000a\000r\000a\000t\000o\000r\000s}{}% 38
\BOOKMARK [2][-]{subsection.12.1}{\376\377\000I\000n\000t\000r\000o\000d\000u\000c\000t\000i\000o\000n}{section.12}% 39
\BOOKMARK [2][-]{subsection.12.2}{\376\377\000M\000e\000t\000h\000o\000d\000o\000l\000o\000g\000y}{section.12}% 40
\BOOKMARK [2][-]{subsection.12.3}{\376\377\000M\000a\000n\000u\000r\000e\000\040\000c\000o\000m\000p\000o\000s\000i\000t\000i\000o\000n\000\040\000u\000p\000d\000a\000t\000e}{section.12}% 41
\BOOKMARK [1][-]{section.13}{\376\377\000A\000n\000a\000e\000r\000o\000b\000i\000c\000\040\000D\000i\000g\000e\000s\000t\000i\000o\000n}{}% 42
\BOOKMARK [2][-]{subsection.13.1}{\376\377\000I\000n\000t\000r\000o\000d\000u\000c\000t\000i\000o\000n}{section.13}% 43
\BOOKMARK [2][-]{subsection.13.2}{\376\377\000M\000e\000t\000h\000o\000d\000o\000l\000o\000g\000y}{section.13}% 44
\BOOKMARK [2][-]{subsection.13.3}{\376\377\000M\000a\000n\000u\000r\000e\000\040\000c\000o\000m\000p\000o\000s\000i\000t\000i\000o\000n\000\040\000u\000p\000d\000a\000t\000e}{section.13}% 45
\BOOKMARK [1][-]{section.14}{\376\377\000S\000l\000u\000r\000r\000y\000\040\000S\000t\000o\000r\000a\000g\000e}{}% 46
\BOOKMARK [2][-]{subsection.14.1}{\376\377\000I\000n\000t\000r\000o\000d\000u\000c\000t\000i\000o\000n}{section.14}% 47
\BOOKMARK [2][-]{subsection.14.2}{\376\377\000M\000e\000t\000h\000o\000d\000o\000l\000o\000g\000y}{section.14}% 48
\BOOKMARK [2][-]{subsection.14.3}{\376\377\000R\000e\000c\000e\000i\000v\000e\000d\000,\000\040\000s\000t\000o\000r\000e\000d\000,\000\040\000a\000n\000d\000\040\000e\000m\000p\000t\000i\000e\000d\000\040\000o\000u\000t\000p\000u\000t\000s}{section.14}% 49
\BOOKMARK [2][-]{subsection.14.4}{\376\377\000M\000a\000n\000u\000r\000e\000\040\000c\000o\000m\000p\000o\000s\000i\000t\000i\000o\000n\000\040\000u\000p\000d\000a\000t\000e\000s}{section.14}% 50
\BOOKMARK [1][-]{section.15}{\376\377\000A\000n\000a\000e\000r\000o\000b\000i\000c\000\040\000L\000a\000g\000o\000o\000n}{}% 51
\BOOKMARK [2][-]{subsection.15.1}{\376\377\000I\000n\000t\000r\000o\000d\000u\000c\000t\000i\000o\000n}{section.15}% 52
\BOOKMARK [2][-]{subsection.15.2}{\376\377\000M\000e\000t\000h\000o\000d\000o\000l\000o\000g\000y}{section.15}% 53
\BOOKMARK [2][-]{subsection.15.3}{\376\377\000R\000e\000c\000e\000i\000v\000e\000d\000,\000\040\000s\000t\000o\000r\000e\000d\000,\000\040\000a\000n\000d\000\040\000e\000m\000p\000t\000i\000e\000d\000\040\000o\000u\000t\000p\000u\000t\000s}{section.15}% 54
\BOOKMARK [2][-]{subsection.15.4}{\376\377\000M\000a\000n\000u\000r\000e\000\040\000c\000o\000m\000p\000o\000s\000i\000t\000i\000o\000n\000\040\000u\000p\000d\000a\000t\000e\000s}{section.15}% 55
\BOOKMARK [1][-]{section.16}{\376\377\000B\000e\000d\000d\000e\000d\000\040\000P\000a\000c\000k}{}% 56
\BOOKMARK [2][-]{subsection.16.1}{\376\377\000I\000n\000t\000r\000o\000d\000u\000c\000t\000i\000o\000n}{section.16}% 57
\BOOKMARK [2][-]{subsection.16.2}{\376\377\000M\000e\000t\000h\000o\000d\000o\000l\000o\000g\000y}{section.16}% 58
\BOOKMARK [2][-]{subsection.16.3}{\376\377\000R\000e\000c\000e\000i\000v\000e\000d\000,\000\040\000s\000t\000o\000r\000e\000d\000,\000\040\000a\000n\000d\000\040\000e\000m\000p\000t\000i\000e\000d\000\040\000o\000u\000t\000p\000u\000t\000s}{section.16}% 59
\BOOKMARK [2][-]{subsection.16.4}{\376\377\000M\000a\000n\000u\000r\000e\000\040\000c\000o\000m\000p\000o\000s\000i\000t\000i\000o\000n\000\040\000u\000p\000d\000a\000t\000e\000s}{section.16}% 60
\BOOKMARK [1][-]{section.17}{\376\377\000O\000p\000e\000n\000\040\000L\000o\000t}{}% 61
\BOOKMARK [2][-]{subsection.17.1}{\376\377\000I\000n\000t\000r\000o\000d\000u\000c\000t\000i\000o\000n}{section.17}% 62
\BOOKMARK [2][-]{subsection.17.2}{\376\377\000M\000e\000t\000h\000o\000d\000o\000l\000o\000g\000y}{section.17}% 63
\BOOKMARK [2][-]{subsection.17.3}{\376\377\000R\000e\000c\000e\000i\000v\000e\000d\000,\000\040\000s\000t\000o\000r\000e\000d\000,\000\040\000a\000n\000d\000\040\000e\000m\000p\000t\000i\000e\000d\000\040\000o\000u\000t\000p\000u\000t\000s}{section.17}% 64
\BOOKMARK [2][-]{subsection.17.4}{\376\377\000M\000a\000n\000u\000r\000e\000\040\000c\000o\000m\000p\000o\000s\000i\000t\000i\000o\000n\000\040\000u\000p\000d\000a\000t\000e\000s}{section.17}% 65
\BOOKMARK [1][-]{section.18}{\376\377\000C\000o\000m\000p\000o\000s\000t\000i\000n\000g}{}% 66
\BOOKMARK [2][-]{subsection.18.1}{\376\377\000I\000n\000t\000r\000o\000d\000u\000c\000t\000i\000o\000n}{section.18}% 67
\BOOKMARK [2][-]{subsection.18.2}{\376\377\000M\000e\000t\000h\000o\000d\000o\000l\000o\000g\000y}{section.18}% 68
\BOOKMARK [2][-]{subsection.18.3}{\376\377\000R\000e\000c\000e\000i\000v\000e\000d\000,\000\040\000s\000t\000o\000r\000e\000d\000,\000\040\000a\000n\000d\000\040\000e\000m\000p\000t\000i\000e\000d\000\040\000o\000u\000t\000p\000u\000t\000s}{section.18}% 69
\BOOKMARK [2][-]{subsection.18.4}{\376\377\000M\000a\000n\000u\000r\000e\000\040\000c\000o\000m\000p\000o\000s\000i\000t\000i\000o\000n\000\040\000u\000p\000d\000a\000t\000e\000s}{section.18}% 70
\BOOKMARK [1][-]{section.19}{\376\377\000D\000a\000i\000l\000y\000\040\000s\000p\000r\000e\000a\000d}{}% 71
\BOOKMARK [2][-]{subsection.19.1}{\376\377\000I\000n\000t\000r\000o\000d\000u\000c\000t\000i\000o\000n}{section.19}% 72
\BOOKMARK [1][-]{section.20}{\376\377\000M\000a\000n\000u\000r\000e\000\040\000t\000o\000\040\000S\000o\000i\000l\000\040\000a\000n\000d\000\040\000C\000r\000o\000p\000\040\000M\000o\000d\000u\000l\000e\000\040\000C\000o\000n\000n\000e\000c\000t\000i\000o\000n}{}% 73
\BOOKMARK [2][-]{subsection.20.1}{\376\377\000I\000n\000t\000r\000o\000d\000u\000c\000t\000i\000o\000n}{section.20}% 74
\BOOKMARK [2][-]{subsection.20.2}{\376\377\000I\000m\000p\000l\000e\000m\000e\000n\000t\000a\000t\000i\000o\000n\000\040\000i\000n\000\040\000R\000u\000F\000a\000S}{section.20}% 75
\BOOKMARK [2][-]{subsection.20.3}{\376\377\000M\000e\000t\000h\000o\000d\000o\000l\000o\000g\000y}{section.20}% 76
\BOOKMARK [1][-]{section.21}{\376\377\000K\000e\000y\000\040\000C\000o\000n\000s\000t\000a\000n\000t\000s}{}% 77
\BOOKMARK [1][-]{section.22}{\376\377\000A\000b\000b\000r\000e\000v\000i\000a\000t\000i\000o\000n\000s}{}% 78
\BOOKMARK [1][-]{section.23}{\376\377\000R\000e\000f\000e\000r\000e\000n\000c\000e\000s}{}% 79
\BOOKMARK [1][-]{section.24}{\376\377\000P\000r\000e\000f\000a\000c\000e\000:\000\040\000A\000\040\000D\000a\000y\000\040\000i\000n\000\040\000t\000h\000e\000\040\000L\000i\000f\000e\000\040\000o\000n\000\040\000a\000\040\000R\000u\000F\000a\000S\000\040\000F\000a\000r\000m}{}% 80
\BOOKMARK [1][-]{section.25}{\376\377\000M\000o\000d\000u\000l\000e\000\040\000I\000n\000t\000r\000o\000d\000u\000c\000t\000i\000o\000n}{}% 81
\BOOKMARK [1][-]{section.26}{\376\377\000F\000i\000e\000l\000d\000\040\000M\000a\000n\000a\000g\000e\000m\000e\000n\000t}{}% 82
\BOOKMARK [2][-]{subsection.26.1}{\376\377\000I\000n\000t\000r\000o\000d\000u\000c\000t\000i\000o\000n}{section.26}% 83
\BOOKMARK [2][-]{subsection.26.2}{\376\377\000M\000e\000t\000h\000o\000d\000o\000l\000o\000g\000y}{section.26}% 84
\BOOKMARK [1][-]{section.27}{\376\377\000S\000o\000i\000l\000\040\000M\000a\000n\000a\000g\000e\000m\000e\000n\000t}{}% 85
\BOOKMARK [2][-]{subsection.27.1}{\376\377\000I\000n\000t\000r\000o\000d\000u\000c\000t\000i\000o\000n}{section.27}% 86
\BOOKMARK [2][-]{subsection.27.2}{\376\377\000M\000e\000t\000h\000o\000d\000o\000l\000o\000g\000y}{section.27}% 87
\BOOKMARK [2][-]{subsection.27.3}{\376\377\000S\000o\000i\000l\000\040\000E\000r\000o\000s\000i\000o\000n\000\040\000\050\000I\000m\000p\000l\000e\000m\000e\000n\000t\000e\000d\000\040\000a\000s\000\040\000s\000o\000i\000l\000\137\000e\000r\000o\000s\000i\000o\000n\000.\000p\000y\000\051}{section.27}% 88
\BOOKMARK [2][-]{subsection.27.4}{\376\377\000S\000o\000i\000l\000\040\000N\000i\000t\000r\000o\000g\000e\000n\000\040\000C\000y\000c\000l\000i\000n\000g}{section.27}% 89
\BOOKMARK [2][-]{subsection.27.5}{\376\377\000S\000o\000i\000l\000\040\000P\000h\000o\000s\000p\000h\000o\000r\000u\000s\000\040\000C\000y\000c\000l\000i\000n\000g}{section.27}% 90
\BOOKMARK [2][-]{subsection.27.6}{\376\377\000S\000o\000i\000l\000\040\000C\000a\000r\000b\000o\000n\000\040\000C\000y\000c\000l\000i\000n\000g}{section.27}% 91
\BOOKMARK [1][-]{section.28}{\376\377\000C\000r\000o\000p\000\040\000M\000a\000n\000a\000g\000e\000m\000e\000n\000t}{}% 92
\BOOKMARK [2][-]{subsection.28.1}{\376\377\000I\000n\000t\000r\000o\000d\000u\000c\000t\000i\000o\000n}{section.28}% 93
\BOOKMARK [2][-]{subsection.28.2}{\376\377\000M\000e\000t\000h\000o\000d\000o\000l\000o\000g\000y}{section.28}% 94
\BOOKMARK [1][-]{section.29}{\376\377\000A\000b\000b\000r\000e\000v\000i\000a\000t\000i\000o\000n\000s}{}% 95
\BOOKMARK [1][-]{section.30}{\376\377\000P\000r\000e\000f\000a\000c\000e\000:\000\040\000A\000\040\000D\000a\000y\000\040\000i\000n\000\040\000t\000h\000e\000\040\000L\000i\000f\000e\000\040\000o\000n\000\040\000a\000\040\000R\000u\000F\000a\000S\000\040\000F\000a\000r\000m}{}% 96
\BOOKMARK [1][-]{section.31}{\376\377\000M\000o\000d\000u\000l\000e\000\040\000I\000n\000t\000r\000o\000d\000u\000c\000t\000i\000o\000n}{}% 97
\BOOKMARK [2][-]{subsection.31.1}{\376\377\000F\000e\000e\000d\000\040\000Q\000u\000a\000l\000i\000t\000y\000\040\000A\000s\000s\000e\000s\000s\000m\000e\000n\000t}{section.31}% 98
\BOOKMARK [1][-]{section.32}{\376\377\000F\000e\000e\000d\000\040\000S\000t\000o\000r\000a\000g\000e\000\040\000I\000n\000p\000u\000t\000s}{}% 99
\BOOKMARK [1][-]{section.33}{\376\377\000S\000t\000o\000r\000a\000g\000e\000\040\000C\000l\000a\000s\000s\000i\000f\000i\000c\000a\000t\000i\000o\000n\000s}{}% 100
\BOOKMARK [2][-]{subsection.33.1}{\376\377\000G\000r\000a\000i\000n}{section.33}% 101
\BOOKMARK [2][-]{subsection.33.2}{\376\377\000H\000a\000y}{section.33}% 102
\BOOKMARK [2][-]{subsection.33.3}{\376\377\000S\000i\000l\000a\000g\000e}{section.33}% 103
\BOOKMARK [2][-]{subsection.33.4}{\376\377\000B\000a\000l\000e\000a\000g\000e}{section.33}% 104
\BOOKMARK [2][-]{subsection.33.5}{\376\377\000N\000u\000t\000r\000i\000e\000n\000t\000\040\000C\000o\000m\000p\000o\000s\000i\000t\000i\000o\000n}{section.33}% 105
\BOOKMARK [1][-]{section.34}{\376\377\000A\000b\000b\000r\000e\000v\000i\000a\000t\000i\000o\000n\000s}{}% 106
\BOOKMARK [1][-]{section.35}{\376\377\000R\000e\000f\000e\000r\000e\000n\000c\000e\000s}{}% 107
